<?xml version="1.0" encoding="utf-8" standalone="no"?>
<!--This file represents the results of running a test suite-->
<test-results name="D:\Niko\Niko\bin\Debug\Niko.dll" total="1" errors="0" failures="0" not-run="0" inconclusive="0" ignored="0" skipped="0" invalid="0" date="2016-10-20" time="09:44:46">
  <environment nunit-version="2.6.4.14350" clr-version="2.0.50727.8009" os-version="Microsoft Windows NT 6.2.9200.0" platform="Win32NT" cwd="C:\Program Files (x86)\NUnit 2.6.4\bin" machine-name="NIK-PC" user="nik" user-domain="nik-pc" />
  <culture-info current-culture="en-US" current-uiculture="en-US" />
  <test-suite type="Assembly" name="D:\Niko\Niko\bin\Debug\Niko.dll" executed="True" result="Success" success="True" time="315.016" asserts="0">
    <results>
      <test-suite type="Namespace" name="Niko" executed="True" result="Success" success="True" time="314.997" asserts="0">
        <results>
          <test-suite type="Namespace" name="TestCases" executed="True" result="Success" success="True" time="314.996" asserts="0">
            <results>
              <test-suite type="TestFixture" name="DashboardScreenFeature" description="Dashboard Screen" executed="True" result="Success" success="True" time="314.993" asserts="0">
                <categories>
                  <category name="Dashboard" />
                </categories>
                <results>
                  <test-case name="Niko.TestCases.DashboardScreenFeature.BulbTestCase1" description="bulbTest case 1" executed="True" result="Success" success="True" time="313.849" asserts="0" />
                </results>
              </test-suite>
            </results>
          </test-suite>
        </results>
      </test-suite>
    </results>
  </test-suite>
</test-results>